<?xml version="1.0" encoding="UTF-8"?>
<testsuite xmlns:xsi="http://www.w3.org/2001/XMLSchema-instance" xsi:noNamespaceSchemaLocation="https://maven.apache.org/surefire/maven-surefire-plugin/xsd/surefire-test-report-3.0.xsd" version="3.0" name="com.uady.NameFormatterTest$pruebasAnidadas" time="0.077" tests="14" errors="0" skipped="0" failures="0">
  <properties>
[...]
</properties>
  <testcase name="nameFormatTests" classname="com.uady.NameFormatterTest" time="0.035">
    <system-out><![CDATA[Inicio de las pruebas
Prueba 1
]]></system-out>
  </testcase>
  <testcase name="nameFormatTests" classname="com.uady.NameFormatterTest" time="0.002"/>
  <testcase name="nameFormatTests" classname="com.uady.NameFormatterTest" time="0.003"/>
  <testcase name="generarPruebas" classname="com.uady.NameFormatterTest" time="0.001">
    <system-out><![CDATA[Fin prueba
Prueba 2
]]></system-out>
  </testcase>
  <testcase name="generarPruebas" classname="com.uady.NameFormatterTest" time="0.001"/>
  <testcase name="generarPruebas" classname="com.uady.NameFormatterTest" time="0.001"/>
  <testcase name="pruebaExcepcionAritmetica" classname="com.uady.NameFormatterTest" time="0.01">
    <system-out><![CDATA[Fin prueba
Prueba 3
Fin prueba
]]></system-out>
  </testcase>
  <testcase name="NameUppercase" classname="com.uady.NameFormatterTest" time="0.003">
    <system-out><![CDATA[Prueba 4
Fin prueba
]]></system-out>
  </testcase>
  <testcase name="TestFileReading" classname="com.uady.NameFormatterTest" time="0.015">
    <system-out><![CDATA[Prueba 5
Fin prueba
]]></system-out>
  </testcase>
  <testcase name="nameAdditionalSpaces" classname="com.uady.NameFormatterTest$pruebasAnidadas" time="0.018">
    <system-out><![CDATA[Prueba 6
Fin prueba
]]></system-out>
  </testcase>
  <testcase name="nameAdditionalSpaces" classname="com.uady.NameFormatterTest$pruebasAnidadas" time="0.004">
    <system-out><![CDATA[Prueba 7
Fin prueba
]]></system-out>
  </testcase>
  <testcase name="nameAdditionalSpaces" classname="com.uady.NameFormatterTest$pruebasAnidadas" time="0.004">
    <system-out><![CDATA[Prueba 8
Fin prueba
]]></system-out>
  </testcase>
  <testcase name="nameAdditionalSpaces" classname="com.uady.NameFormatterTest$pruebasAnidadas" time="0.003">
    <system-out><![CDATA[Prueba 9
Fin prueba
]]></system-out>
  </testcase>
  <testcase name="booleanosTests" classname="com.uady.NameFormatterTest$pruebasAnidadas" time="0.01">
    <system-out><![CDATA[Prueba 10
Fin prueba
]]></system-out>
  </testcase>
</testsuite>